<?xml version="1.0" encoding="UTF-8"?>
<!-- Generated by org.testng.reporters.JUnitReportReporter -->
<testsuite skipped="0" hostname="LAPTOP-M7LJD1LD" name="ru.maistrenko.addressbook.test.GroupCreationTests" tests="7" failures="0" timestamp="06 фев 2018 16:09:53 GMT" time="25.290" errors="0">
  <testcase name="testGroupCreation" time="4.030" classname="ru.maistrenko.addressbook.test.GroupCreationTests"/>
  <testcase name="testGroupCreation" time="2.736" classname="ru.maistrenko.addressbook.test.GroupCreationTests"/>
  <testcase name="testGroupCreation" time="3.930" classname="ru.maistrenko.addressbook.test.GroupCreationTests"/>
  <testcase name="testGroupCreation" time="3.313" classname="ru.maistrenko.addressbook.test.GroupCreationTests"/>
  <testcase name="testGroupCreation" time="3.336" classname="ru.maistrenko.addressbook.test.GroupCreationTests"/>
  <testcase name="testGroupCreation" time="3.254" classname="ru.maistrenko.addressbook.test.GroupCreationTests"/>
  <testcase name="testBadGroupCreation" time="4.691" classname="ru.maistrenko.addressbook.test.GroupCreationTests"/>
</testsuite> <!-- ru.maistrenko.addressbook.test.GroupCreationTests -->
