<?xml version="1.0" encoding="UTF-8"?>
<!-- Generated by org.testng.reporters.JUnitReportReporter -->
<testsuite skipped="0" hostname="LAPTOP-M7LJD1LD" name="ru.maistrenko.addressbook.test.ContactCreationTests" tests="4" failures="0" timestamp="06 фев 2018 16:09:53 GMT" time="23.910" errors="0">
  <testcase name="testContactCreation" time="4.703" classname="ru.maistrenko.addressbook.test.ContactCreationTests"/>
  <testcase name="testContactCreation" time="6.635" classname="ru.maistrenko.addressbook.test.ContactCreationTests"/>
  <testcase name="testBadContactCreation" time="7.723" classname="ru.maistrenko.addressbook.test.ContactCreationTests"/>
  <testcase name="testContactCreation" time="4.849" classname="ru.maistrenko.addressbook.test.ContactCreationTests"/>
</testsuite> <!-- ru.maistrenko.addressbook.test.ContactCreationTests -->
