<?xml version="1.0" encoding="UTF-8"?>
<testsuite name="ru.maistrenko.addressbook.test.HbConnectionTest" tests="2" skipped="0" failures="0" errors="0" timestamp="2018-03-05T09:57:31" hostname="LAPTOP-M7LJD1LD" time="0.049">
  <properties/>
  <testcase name="testHbConnection" classname="ru.maistrenko.addressbook.test.HbConnectionTest" time="0.026"/>
  <testcase name="testHbConnectionContacts" classname="ru.maistrenko.addressbook.test.HbConnectionTest" time="0.022"/>
  <system-out><![CDATA[13:57:30.776 [Test worker] WARN  org.hibernate.orm.connections - HHH10001002: Using Hibernate built-in connection pool (not for production use!)
Hibernate: select groupdata0_.group_id as group_id1_2_, groupdata0_.group_footer as group_fo2_2_, groupdata0_.group_header as group_he3_2_, groupdata0_.group_name as group_na4_2_ from group_list groupdata0_
GroupData{name='test5', id=206}
GroupData{name='test0', id=207}
GroupData{name='test1', id=208}
GroupData{name='test2', id=209}
GroupData{name='test3', id=210}
GroupData{name='test4', id=211}
GroupData{name='test5', id=212}
GroupData{name='test0', id=213}
GroupData{name='test1', id=214}
GroupData{name='test2', id=215}
GroupData{name='test3', id=216}
GroupData{name='test4', id=217}
GroupData{name='test5', id=218}
GroupData{name='test0', id=219}
GroupData{name='test1', id=220}
GroupData{name='test2', id=221}
GroupData{name='test3', id=222}
GroupData{name='test4', id=223}
GroupData{name='test5', id=224}
GroupData{name='test0', id=225}
GroupData{name='test1', id=226}
GroupData{name='test2', id=227}
GroupData{name='test3', id=228}
GroupData{name='test4', id=229}
GroupData{name='test5', id=230}
GroupData{name='test0', id=231}
GroupData{name='test1', id=232}
GroupData{name='test2', id=233}
GroupData{name='test3', id=234}
GroupData{name='test4', id=235}
GroupData{name='test5', id=236}
Hibernate: select contactdat0_.id as id1_1_, contactdat0_.address as address2_1_, contactdat0_.email as email3_1_, contactdat0_.email2 as email4_1_, contactdat0_.email3 as email5_1_, contactdat0_.firstname as firstnam6_1_, contactdat0_.home as home7_1_, contactdat0_.lastname as lastname8_1_, contactdat0_.mobile as mobile9_1_, contactdat0_.work as work10_1_ from addressbook contactdat0_ where deprecated='0000-00-00'
Hibernate: select groups0_.id as id1_0_0_, groups0_.group_id as group_id2_0_0_, groupdata1_.group_id as group_id1_2_1_, groupdata1_.group_footer as group_fo2_2_1_, groupdata1_.group_header as group_he3_2_1_, groupdata1_.group_name as group_na4_2_1_ from address_in_groups groups0_ inner join group_list groupdata1_ on groups0_.group_id=groupdata1_.group_id where groups0_.id=?
Hibernate: select groups0_.id as id1_0_0_, groups0_.group_id as group_id2_0_0_, groupdata1_.group_id as group_id1_2_1_, groupdata1_.group_footer as group_fo2_2_1_, groupdata1_.group_header as group_he3_2_1_, groupdata1_.group_name as group_na4_2_1_ from address_in_groups groups0_ inner join group_list groupdata1_ on groups0_.group_id=groupdata1_.group_id where groups0_.id=?
Hibernate: select groups0_.id as id1_0_0_, groups0_.group_id as group_id2_0_0_, groupdata1_.group_id as group_id1_2_1_, groupdata1_.group_footer as group_fo2_2_1_, groupdata1_.group_header as group_he3_2_1_, groupdata1_.group_name as group_na4_2_1_ from address_in_groups groups0_ inner join group_list groupdata1_ on groups0_.group_id=groupdata1_.group_id where groups0_.id=?
Hibernate: select groups0_.id as id1_0_0_, groups0_.group_id as group_id2_0_0_, groupdata1_.group_id as group_id1_2_1_, groupdata1_.group_footer as group_fo2_2_1_, groupdata1_.group_header as group_he3_2_1_, groupdata1_.group_name as group_na4_2_1_ from address_in_groups groups0_ inner join group_list groupdata1_ on groups0_.group_id=groupdata1_.group_id where groups0_.id=?
Hibernate: select groups0_.id as id1_0_0_, groups0_.group_id as group_id2_0_0_, groupdata1_.group_id as group_id1_2_1_, groupdata1_.group_footer as group_fo2_2_1_, groupdata1_.group_header as group_he3_2_1_, groupdata1_.group_name as group_na4_2_1_ from address_in_groups groups0_ inner join group_list groupdata1_ on groups0_.group_id=groupdata1_.group_id where groups0_.id=?
Hibernate: select groups0_.id as id1_0_0_, groups0_.group_id as group_id2_0_0_, groupdata1_.group_id as group_id1_2_1_, groupdata1_.group_footer as group_fo2_2_1_, groupdata1_.group_header as group_he3_2_1_, groupdata1_.group_name as group_na4_2_1_ from address_in_groups groups0_ inner join group_list groupdata1_ on groups0_.group_id=groupdata1_.group_id where groups0_.id=?
Hibernate: select groups0_.id as id1_0_0_, groups0_.group_id as group_id2_0_0_, groupdata1_.group_id as group_id1_2_1_, groupdata1_.group_footer as group_fo2_2_1_, groupdata1_.group_header as group_he3_2_1_, groupdata1_.group_name as group_na4_2_1_ from address_in_groups groups0_ inner join group_list groupdata1_ on groups0_.group_id=groupdata1_.group_id where groups0_.id=?
Hibernate: select groups0_.id as id1_0_0_, groups0_.group_id as group_id2_0_0_, groupdata1_.group_id as group_id1_2_1_, groupdata1_.group_footer as group_fo2_2_1_, groupdata1_.group_header as group_he3_2_1_, groupdata1_.group_name as group_na4_2_1_ from address_in_groups groups0_ inner join group_list groupdata1_ on groups0_.group_id=groupdata1_.group_id where groups0_.id=?
Hibernate: select groups0_.id as id1_0_0_, groups0_.group_id as group_id2_0_0_, groupdata1_.group_id as group_id1_2_1_, groupdata1_.group_footer as group_fo2_2_1_, groupdata1_.group_header as group_he3_2_1_, groupdata1_.group_name as group_na4_2_1_ from address_in_groups groups0_ inner join group_list groupdata1_ on groups0_.group_id=groupdata1_.group_id where groups0_.id=?
ContactData{groups=[], firstName='modified', lastName='test3', id=242}
[]
ContactData{groups=[], firstName='modified', lastName='test3', id=244}
[]
ContactData{groups=[], firstName='First 0', lastName='Last 0', id=245}
[]
ContactData{groups=[], firstName='First 0', lastName='Last 0', id=250}
[]
ContactData{groups=[], firstName='modified', lastName='test3', id=251}
[]
ContactData{groups=[], firstName='modified', lastName='test3', id=252}
[]
ContactData{groups=[], firstName='First 0', lastName='Last 0', id=253}
[]
ContactData{groups=[], firstName='First 0', lastName='Last 0', id=254}
[]
ContactData{groups=[], firstName='First 0', lastName='Last 0', id=256}
[]
]]></system-out>
  <system-err><![CDATA[]]></system-err>
</testsuite>
