<?xml version="1.0" encoding="UTF-8"?>
<testsuite name="ru.maistrenko.addressbook.test.DbConnectionTest" tests="1" skipped="0" failures="0" errors="0" timestamp="2018-03-05T09:57:18" hostname="LAPTOP-M7LJD1LD" time="0.078">
  <properties/>
  <testcase name="testDbConnection" classname="ru.maistrenko.addressbook.test.DbConnectionTest" time="0.078"/>
  <system-out><![CDATA[26
[GroupData{name='test1', id=203}, GroupData{name='test4', id=229}, GroupData{name='test5', id=230}, GroupData{name='test1', id=226}, GroupData{name='test2', id=227}, GroupData{name='test3', id=228}, GroupData{name='test5', id=206}, GroupData{name='test0', id=225}, GroupData{name='test2', id=215}, GroupData{name='test3', id=216}, GroupData{name='test0', id=213}, GroupData{name='test1', id=214}, GroupData{name='test4', id=223}, GroupData{name='test5', id=224}, GroupData{name='test2', id=221}, GroupData{name='test3', id=222}, GroupData{name='test4', id=217}, GroupData{name='test5', id=218}, GroupData{name='test0', id=219}, GroupData{name='test1', id=220}, GroupData{name='test2', id=209}, GroupData{name='test3', id=210}, GroupData{name='test0', id=207}, GroupData{name='test1', id=208}, GroupData{name='test4', id=211}, GroupData{name='test5', id=212}]
]]></system-out>
  <system-err><![CDATA[]]></system-err>
</testsuite>
