<?xml version="1.0" encoding="UTF-8"?>
<testsuite name="ru.maistrenko.addressbook.test.GroupCreationTests" tests="7" skipped="0" failures="0" errors="0" timestamp="2018-03-05T09:57:18" hostname="LAPTOP-M7LJD1LD" time="9.873">
  <properties/>
  <testcase name="testBadGroupCreation[0](GroupData{name='name1'', id=0})" classname="ru.maistrenko.addressbook.test.GroupCreationTests" time="1.265"/>
  <testcase name="testGroupCreationByDb[0](GroupData{name='test0', id=0})" classname="ru.maistrenko.addressbook.test.GroupCreationTests" time="1.37"/>
  <testcase name="testGroupCreationByDb[1](GroupData{name='test1', id=0})" classname="ru.maistrenko.addressbook.test.GroupCreationTests" time="1.294"/>
  <testcase name="testGroupCreationByDb[2](GroupData{name='test2', id=0})" classname="ru.maistrenko.addressbook.test.GroupCreationTests" time="1.625"/>
  <testcase name="testGroupCreationByDb[3](GroupData{name='test3', id=0})" classname="ru.maistrenko.addressbook.test.GroupCreationTests" time="1.411"/>
  <testcase name="testGroupCreationByDb[4](GroupData{name='test4', id=0})" classname="ru.maistrenko.addressbook.test.GroupCreationTests" time="1.437"/>
  <testcase name="testGroupCreationByDb[5](GroupData{name='test5', id=0})" classname="ru.maistrenko.addressbook.test.GroupCreationTests" time="1.443"/>
  <system-out><![CDATA[Hibernate: select groupdata0_.group_id as group_id1_2_, groupdata0_.group_footer as group_fo2_2_, groupdata0_.group_header as group_he3_2_, groupdata0_.group_name as group_na4_2_ from group_list groupdata0_
Hibernate: select groupdata0_.group_id as group_id1_2_, groupdata0_.group_footer as group_fo2_2_, groupdata0_.group_header as group_he3_2_, groupdata0_.group_name as group_na4_2_ from group_list groupdata0_
Hibernate: select groupdata0_.group_id as group_id1_2_, groupdata0_.group_footer as group_fo2_2_, groupdata0_.group_header as group_he3_2_, groupdata0_.group_name as group_na4_2_ from group_list groupdata0_
Hibernate: select groupdata0_.group_id as group_id1_2_, groupdata0_.group_footer as group_fo2_2_, groupdata0_.group_header as group_he3_2_, groupdata0_.group_name as group_na4_2_ from group_list groupdata0_
Hibernate: select groupdata0_.group_id as group_id1_2_, groupdata0_.group_footer as group_fo2_2_, groupdata0_.group_header as group_he3_2_, groupdata0_.group_name as group_na4_2_ from group_list groupdata0_
Hibernate: select groupdata0_.group_id as group_id1_2_, groupdata0_.group_footer as group_fo2_2_, groupdata0_.group_header as group_he3_2_, groupdata0_.group_name as group_na4_2_ from group_list groupdata0_
Hibernate: select groupdata0_.group_id as group_id1_2_, groupdata0_.group_footer as group_fo2_2_, groupdata0_.group_header as group_he3_2_, groupdata0_.group_name as group_na4_2_ from group_list groupdata0_
Hibernate: select groupdata0_.group_id as group_id1_2_, groupdata0_.group_footer as group_fo2_2_, groupdata0_.group_header as group_he3_2_, groupdata0_.group_name as group_na4_2_ from group_list groupdata0_
Hibernate: select groupdata0_.group_id as group_id1_2_, groupdata0_.group_footer as group_fo2_2_, groupdata0_.group_header as group_he3_2_, groupdata0_.group_name as group_na4_2_ from group_list groupdata0_
Hibernate: select groupdata0_.group_id as group_id1_2_, groupdata0_.group_footer as group_fo2_2_, groupdata0_.group_header as group_he3_2_, groupdata0_.group_name as group_na4_2_ from group_list groupdata0_
Hibernate: select groupdata0_.group_id as group_id1_2_, groupdata0_.group_footer as group_fo2_2_, groupdata0_.group_header as group_he3_2_, groupdata0_.group_name as group_na4_2_ from group_list groupdata0_
Hibernate: select groupdata0_.group_id as group_id1_2_, groupdata0_.group_footer as group_fo2_2_, groupdata0_.group_header as group_he3_2_, groupdata0_.group_name as group_na4_2_ from group_list groupdata0_
Hibernate: select groupdata0_.group_id as group_id1_2_, groupdata0_.group_footer as group_fo2_2_, groupdata0_.group_header as group_he3_2_, groupdata0_.group_name as group_na4_2_ from group_list groupdata0_
Hibernate: select groupdata0_.group_id as group_id1_2_, groupdata0_.group_footer as group_fo2_2_, groupdata0_.group_header as group_he3_2_, groupdata0_.group_name as group_na4_2_ from group_list groupdata0_
]]></system-out>
  <system-err><![CDATA[]]></system-err>
</testsuite>
