<?xml version="1.0" encoding="UTF-8"?>
<testsuite name="rest.test.RestAssuredTests" tests="1" skipped="0" failures="0" errors="0" timestamp="2018-03-02T17:55:44" hostname="LAPTOP-M7LJD1LD" time="20.536">
  <properties/>
  <testcase name="testCreateIssue" classname="rest.test.RestAssuredTests" time="20.536"/>
  <system-out><![CDATA[]]></system-out>
  <system-err><![CDATA[]]></system-err>
</testsuite>
