<?xml version="1.0" encoding="UTF-8"?>
<!-- Generated by org.testng.reporters.JUnitReportReporter -->
<testsuite skipped="0" hostname="LAPTOP-M7LJD1LD" name="ru.maistrenko.addressbook.test.ContactPhoneTests" tests="1" failures="0" timestamp="06 фев 2018 16:09:53 GMT" time="0.446" errors="0">
  <testcase name="testContactPhone" time="0.446" classname="ru.maistrenko.addressbook.test.ContactPhoneTests"/>
</testsuite> <!-- ru.maistrenko.addressbook.test.ContactPhoneTests -->
