<?xml version="1.0" encoding="UTF-8"?>
<!-- Generated by org.testng.reporters.JUnitReportReporter -->
<testsuite skipped="0" hostname="LAPTOP-M7LJD1LD" name="ru.maistrenko.addressbook.test.GroupDeletionTests" tests="1" failures="0" timestamp="06 фев 2018 16:09:52 GMT" time="2.304" errors="0">
  <testcase name="testGroupDeletion" time="2.304" classname="ru.maistrenko.addressbook.test.GroupDeletionTests"/>
</testsuite> <!-- ru.maistrenko.addressbook.test.GroupDeletionTests -->
